<?xml version="1.0" encoding="UTF-8"?>
<testsuite xmlns:xsi="http://www.w3.org/2001/XMLSchema-instance" xsi:schemaLocation="https://maven.apache.org/surefire/maven-surefire-plugin/xsd/surefire-test-report.xsd" name="automation.challange.TestRunner" time="110.387" tests="26" errors="0" skipped="0" failures="0">
  <properties>
    <property name="idea.version" value="2022.1"/>
    <property name="java.runtime.name" value="OpenJDK Runtime Environment"/>
    <property name="sun.boot.library.path" value="C:\Users\HAMIT.DOGAN\.jdks\corretto-1.8.0_332\jre\bin"/>
    <property name="java.vm.version" value="25.332-b08"/>
    <property name="java.vm.vendor" value="Amazon.com Inc."/>
    <property name="maven.multiModuleProjectDirectory" value="C:\Users\HAMIT.DOGAN\source\courses\adjust_automation_challange"/>
    <property name="java.vendor.url" value="https://aws.amazon.com/corretto/"/>
    <property name="path.separator" value=";"/>
    <property name="guice.disable.misplaced.annotation.check" value="true"/>
    <property name="java.vm.name" value="OpenJDK 64-Bit Server VM"/>
    <property name="file.encoding.pkg" value="sun.io"/>
    <property name="user.script" value=""/>
    <property name="user.country" value="US"/>
    <property name="sun.java.launcher" value="SUN_STANDARD"/>
    <property name="sun.os.patch.level" value=""/>
    <property name="java.vm.specification.name" value="Java Virtual Machine Specification"/>
    <property name="user.dir" value="C:\Users\HAMIT.DOGAN\source\courses\adjust_automation_challange"/>
    <property name="java.runtime.version" value="1.8.0_332-b08"/>
    <property name="java.awt.graphicsenv" value="sun.awt.Win32GraphicsEnvironment"/>
    <property name="java.endorsed.dirs" value="C:\Users\HAMIT.DOGAN\.jdks\corretto-1.8.0_332\jre\lib\endorsed"/>
    <property name="os.arch" value="amd64"/>
    <property name="java.io.tmpdir" value="C:\Users\HAMIT~1.DOG\AppData\Local\Temp\"/>
    <property name="line.separator" value="&#10;"/>
    <property name="java.vm.specification.vendor" value="Oracle Corporation"/>
    <property name="user.variant" value=""/>
    <property name="os.name" value="Windows 10"/>
    <property name="maven.ext.class.path" value="C:\Program Files\JetBrains\IntelliJ IDEA Community Edition 2022.1\plugins\maven\lib\maven-event-listener.jar"/>
    <property name="classworlds.conf" value="C:\Program Files\JetBrains\IntelliJ IDEA Community Edition 2022.1\plugins\maven\lib\maven3\bin\m2.conf"/>
    <property name="sun.jnu.encoding" value="Cp1252"/>
    <property name="java.library.path" value="C:\Users\HAMIT.DOGAN\.jdks\corretto-1.8.0_332\bin;C:\WINDOWS\Sun\Java\bin;C:\WINDOWS\system32;C:\WINDOWS;C:\Program Files\Common Files\Oracle\Java\javapath;C:\Program Files (x86)\Common Files\Oracle\Java\javapath;C:\Python310\Scripts\;C:\Python310\;C:\Program Files\Common Files\Microsoft Shared\Microsoft Online Services;C:\Program Files (x86)\Common Files\Microsoft Shared\Microsoft Online Services;C:\ProgramData\Oracle\Java\javapath;C:\WINDOWS\system32;C:\WINDOWS;C:\WINDOWS\System32\Wbem;C:\WINDOWS\System32\WindowsPowerShell\v1.0\;C:\WINDOWS\System32\OpenSSH\;C:\Program Files (x86)\Microsoft Dynamics AX\60\Client\Bin\;C:\Program Files (x86)\Skype\Phone\;C:\Windows\CCM;C:\WINDOWS\CCM;C:\Program Files\dotnet\;C:\Program Files\Microsoft SQL Server\130\Tools\Binn\;C:\Program Files\Microsoft SQL Server\Client SDK\ODBC\170\Tools\Binn\;C:\Program Files (x86)\Microsoft SQL Server\150\DTS\Binn\;C:\Program Files\Git\cmd;C:\Program Files (x86)\dotnet\;C:\Program Files (x86)\Pulse Secure\VC142.CRT\X64\;C:\Program Files (x86)\Pulse Secure\VC142.CRT\X86\;C:\Program Files (x86)\Microsoft SQL Server\110\DTS\Binn\;C:\Program Files (x86)\Microsoft SQL Server\120\DTS\Binn\;C:\Program Files (x86)\Microsoft SQL Server\130\DTS\Binn\;C:\Program Files (x86)\Microsoft SQL Server\140\DTS\Binn\;C:\Program Files (x86)\NuGet\nuget.exe;C:\Program Files\Python\Python39\;C:\Program Files\Docker\Docker\resources\bin;C:\ProgramData\DockerDesktop\version-bin;C:\Program Files\Go\bin;C:\Program Files\nodejs\;C:\ProgramData\chocolatey\bin;C:\Program Files\Java\jdk-18.0.1;C:\Program Files\Java\jdk-18.0.1\bin;C:\Program Files\Java\jdk-18.0.1\lib;C:\Users\HAMIT.DOGAN\AppData\Local\Microsoft\WindowsApps;C:\Users\HAMIT.DOGAN\AppData\Local\Programs\Microsoft VS Code\bin;C:\Program Files\JetBrains\IntelliJ IDEA Community Edition 2020.2.2\bin;C:\Program Files (x86)\apache-maven-3.6.3\bin;C:\Users\HAMIT.DOGAN\AppData\Local\GitHubDesktop\bin;C:\MinGW\bin;C:\Users\HAMIT.DOGAN\.dotnet\tools;C:\Program Files (x86)\NuGet\nuget.exe;C:\Program Files\Python\Python39\python.exe;C:\Users\HAMIT.DOGAN\AppData\Local\Programs\Fiddler;C:\Users\HAMIT.DOGAN\.dotnet\tools;C:\Users\HAMIT.DOGAN\AppData\Local\Microsoft\WindowsApps;C:\Users\HAMIT.DOGAN\go\bin;C:\Users\HAMIT.DOGAN\AppData\Roaming\npm;C:\Python310;C:\Python310\Scripts;;C:\Program Files\JetBrains\IntelliJ IDEA Community Edition 2022.1\bin;;."/>
    <property name="maven.conf" value="C:\Program Files\JetBrains\IntelliJ IDEA Community Edition 2022.1\plugins\maven\lib\maven3/conf"/>
    <property name="java.specification.name" value="Java Platform API Specification"/>
    <property name="java.class.version" value="52.0"/>
    <property name="sun.management.compiler" value="HotSpot 64-Bit Tiered Compilers"/>
    <property name="os.version" value="10.0"/>
    <property name="user.home" value="C:\Users\HAMIT.DOGAN"/>
    <property name="user.timezone" value="Asia/Istanbul"/>
    <property name="java.awt.printerjob" value="sun.awt.windows.WPrinterJob"/>
    <property name="java.specification.version" value="1.8"/>
    <property name="file.encoding" value="UTF-8"/>
    <property name="user.name" value="HAMIT.DOGAN"/>
    <property name="java.class.path" value="C:\Program Files\JetBrains\IntelliJ IDEA Community Edition 2022.1\plugins\maven\lib\maven3\boot\plexus-classworlds-2.6.0.jar;C:\Program Files\JetBrains\IntelliJ IDEA Community Edition 2022.1\plugins\maven\lib\maven3\boot\plexus-classworlds.license;C:\Program Files\JetBrains\IntelliJ IDEA Community Edition 2022.1\lib\idea_rt.jar"/>
    <property name="java.vm.specification.version" value="1.8"/>
    <property name="sun.arch.data.model" value="64"/>
    <property name="java.home" value="C:\Users\HAMIT.DOGAN\.jdks\corretto-1.8.0_332\jre"/>
    <property name="sun.java.command" value="org.codehaus.classworlds.Launcher -Didea.version=2022.1 test"/>
    <property name="java.specification.vendor" value="Oracle Corporation"/>
    <property name="user.language" value="en"/>
    <property name="awt.toolkit" value="sun.awt.windows.WToolkit"/>
    <property name="java.vm.info" value="mixed mode"/>
    <property name="java.version" value="1.8.0_332"/>
    <property name="java.ext.dirs" value="C:\Users\HAMIT.DOGAN\.jdks\corretto-1.8.0_332\jre\lib\ext;C:\WINDOWS\Sun\Java\lib\ext"/>
    <property name="sun.boot.class.path" value="C:\Users\HAMIT.DOGAN\.jdks\corretto-1.8.0_332\jre\lib\resources.jar;C:\Users\HAMIT.DOGAN\.jdks\corretto-1.8.0_332\jre\lib\rt.jar;C:\Users\HAMIT.DOGAN\.jdks\corretto-1.8.0_332\jre\lib\sunrsasign.jar;C:\Users\HAMIT.DOGAN\.jdks\corretto-1.8.0_332\jre\lib\jsse.jar;C:\Users\HAMIT.DOGAN\.jdks\corretto-1.8.0_332\jre\lib\jce.jar;C:\Users\HAMIT.DOGAN\.jdks\corretto-1.8.0_332\jre\lib\charsets.jar;C:\Users\HAMIT.DOGAN\.jdks\corretto-1.8.0_332\jre\lib\jfr.jar;C:\Users\HAMIT.DOGAN\.jdks\corretto-1.8.0_332\jre\classes"/>
    <property name="java.vendor" value="Amazon.com Inc."/>
    <property name="maven.home" value="C:\Program Files\JetBrains\IntelliJ IDEA Community Edition 2022.1\plugins\maven\lib\maven3"/>
    <property name="file.separator" value="\"/>
    <property name="java.vendor.url.bug" value="https://github.com/corretto/corretto-8/issues/"/>
    <property name="sun.cpu.endian" value="little"/>
    <property name="sun.io.unicode.encoding" value="UnicodeLittle"/>
    <property name="sun.desktop" value="windows"/>
    <property name="sun.cpu.isalist" value="amd64"/>
  </properties>
  <testcase name="Given Create New Pet" classname="Scenario: Create Pet And Check" time="0.001"/>
  <testcase name="Then Check Pet Created" classname="Scenario: Create Pet And Check" time="0"/>
  <testcase name="Scenario: Create Pet And Check" classname="Scenario: Create Pet And Check" time="0"/>
  <testcase name="Given Create New Pet" classname="Scenario: Update Pet And Check" time="0"/>
  <testcase name="And Update Pet And Check" classname="Scenario: Update Pet And Check" time="0"/>
  <testcase name="Scenario: Update Pet And Check" classname="Scenario: Update Pet And Check" time="0"/>
  <testcase name="Given Create New Pet" classname="Scenario: Create Order" time="0"/>
  <testcase name="And Order Created Pet" classname="Scenario: Create Order" time="0"/>
  <testcase name="Scenario: Create Order" classname="Scenario: Create Order" time="0"/>
  <testcase name="Given Create New User And Check" classname="Scenario: Create New User And Check" time="0"/>
  <testcase name="Scenario: Create New User And Check" classname="Scenario: Create New User And Check" time="0"/>
  <testcase name="Given Create New User" classname="Scenario: Login With Existing User" time="0"/>
  <testcase name="Given Login With Existing User And Check" classname="Scenario: Login With Existing User" time="0"/>
  <testcase name="Scenario: Login With Existing User" classname="Scenario: Login With Existing User" time="0.001"/>
  <testcase name="Given Navigate to HomePage" classname="Scenario: Wikipedia Logo Check" time="0"/>
  <testcase name="Then Check Wikipedia Logo" classname="Scenario: Wikipedia Logo Check" time="0"/>
  <testcase name="Scenario: Wikipedia Logo Check" classname="Scenario: Wikipedia Logo Check" time="0.103"/>
  <testcase name="Given Navigate to HomePage" classname="Scenario: Wikipedia Search Text And Check" time="0"/>
  <testcase name="When I want to search &quot;Opeth&quot; text on Wikipedia search page and check" classname="Scenario: Wikipedia Search Text And Check" time="0"/>
  <testcase name="Scenario: Wikipedia Search Text And Check" classname="Scenario: Wikipedia Search Text And Check" time="0.089"/>
  <testcase name="Given Navigate to HomePage" classname="Scenario: Search Any Text Which Is Does Not Exists And Check" time="0"/>
  <testcase name="When I want to search &quot;Asdasdwsxwsx&quot; text on Wikipedia search page and check it is does not exists" classname="Scenario: Search Any Text Which Is Does Not Exists And Check" time="0"/>
  <testcase name="Scenario: Search Any Text Which Is Does Not Exists And Check" classname="Scenario: Search Any Text Which Is Does Not Exists And Check" time="0.14"/>
  <testcase name="Given Navigate to HomePage" classname="Scenario: Complex Regular Expression Message Check" time="0"/>
  <testcase name="When I want to search Complex Regular Expression text on Wikipedia search page and check" classname="Scenario: Complex Regular Expression Message Check" time="0"/>
  <testcase name="Scenario: Complex Regular Expression Message Check" classname="Scenario: Complex Regular Expression Message Check" time="0.07"/>
</testsuite>